var x=10;
undefined
x;
10
class Student{
    constructor(id,name,sub1,sub2,sub3){
        this.id=id;
        this.name=name;
        this.sub1=sub1;
        this.sub2=sub2;
        this.sub3=sub3;
    }
    totalMarks(){
        return this.sub1+this.sub2+this.sub3;
    }
    percentage(){
        return (this.totalMarks()/3);
    }
    grade(){
        if(this.percentage()>90){
            return "A";
        }
        else if(this.percentage()>70){
            return "B";
        }
        else if(this.percentage()>60){
            return "C";
        }
        else{
            return "fail";
        }
    }
    Report(){
        console.log(`Report Card
id          : ${this.id}
name        : ${this.name}
sub1        : ${this.sub1}
sub2        : ${this.sub2}
sub3        : ${this.sub3}
total Marks : ${this.totalMarks()}
percentage  : ${this.percentage()}
grade       : ${this.grade()}`);
    }
}
undefined
var ram=new Student(1001,"ram",90,70,80);
undefined
ram.Report();
VM77:30 Report Card
id          : 1001
name        : ram
sub1        : 90
sub2        : 70
sub3        : 80
total Marks : 240
percentage  : 80
grade       : B
undefined
function Students(id,name,sub1,sub2,sub3){
    this.id=id;
    this.name=name;
    this.sub1=sub1;
    this.sub2=sub2;
    this.sub3=sub3;
}
undefined
Students.prototype.totalMarks=function(){
    return this.sub1+this.sub2+this.sub3;
}
ƒ (){
    return this.sub1+this.sub2+this.sub3;
}
Students.prototype.percentage=function(){
return this.totalMarks()/3;
}
ƒ (){
return this.totalMarks()/3;
}
Students.prototype.grade=function(){
    if(this.percentage()>90){
        return "A";
    }
    else if(this.percentage()>70){
        return "B";
    }
    else if(this.percentage()>60){
        return "C";
    }
    else{
        return "fail";
    }
}
ƒ (){
    if(this.percentage()>90){
        return "A";
    }
    else if(this.percentage()>70){
        return "B";
    }
    else if(this.percentage()>60){
        return "C";
    }
    else{
       …
Students.prt
undefined
Students.prototype.report=function(){
    console.log(`Student Report
id          : ${this.id}
name        : ${this.name}
sub1        : ${this.sub1}
sub2        : ${this.sub2}
sub3        : ${this.sub3}
total Marks : ${this.totalMarks()}
percentage  : ${this.percentage()}
grade       : ${this.grade()}`);
    }
ƒ (){
    console.log(`Student Report
id          : ${this.id}
name        : ${this.name}
sub1        : ${this.sub1}
sub2        : ${this.sub2}
sub3        : ${this.sub3}
total Marks : ${this.totalMark…
var ram=new Students(1001,"ram",89,90,99);
undefined
ram.report();
VM383:2 Student Report
id          : 1001
name        : ram
sub1        : 89
sub2        : 90
sub3        : 99
total Marks : 278
percentage  : 92.66666666666667
grade       : A
undefined
